  0:	proc  - (:root:) creates proc  0 (servidor)
  0:	proc  - (:root:) creates proc  1 (elTick)
  0:	proc  - (:root:) creates proc  2 (elTock)
ltl c1: [] ((! (env?[tick])) || (<> ((rec?[ok,0]) || (rec?[ok,1]))))
ltl c1_1: [] ((! (env?[tick])) || (<> (rec?[ok,0])))
ltl c1_3: ([] (<> (env?[tick]))) && ([] (<> (env?[tock])))
ltl cc: [] ((! (env??[tick])) || (env?[tick]))
ltl c3: [] ((! (env?[tick])) || ((env?[tick]) U (rec?[ok,0])))
ltl c4: [] ((! ((env?[tick]) && (X (! (env??[tick]))))) || (X ((! (env?[tick])) U (rec?[ok,0]))))
ltl c5: [] ((! ((env?[tick]) && (X (! (env??[tick]))))) || (X (([] (! (env?[tick]))) || ((! (env?[tick])) U (rec?[ok,0])))))
  1:	proc  1 (elTick:1) tiktok.pml:12 (state -)	[values: 1!ok,0]
  1:	proc  1 (elTick:1) tiktok.pml:12 (state 1)	[rec!ok,0]
		queue 1 (rec): [ok,0]

  2:	proc  1 (elTick:1) tiktok.pml:14 (state 5)	[.(goto)]

  3:	proc  0 (servidor:1) tiktok.pml:7 (state -)	[values: 1?ok,0]
  3:	proc  0 (servidor:1) tiktok.pml:7 (state 1)	[rec?ok,0]
		queue 2 (env): 
		queue 1 (rec): 

  4:	proc  0 (servidor:1) tiktok.pml:7 (state -)	[values: 2!tick]
  4:	proc  0 (servidor:1) tiktok.pml:7 (state 2)	[env!tick]
		queue 2 (env): [tick]

  5:	proc  2 (elTock:1) tiktok.pml:16 (state -)	[values: 1!ok,1]
  5:	proc  2 (elTock:1) tiktok.pml:16 (state 1)	[rec!ok,1]
		queue 1 (rec): [ok,1]

  6:	proc  2 (elTock:1) tiktok.pml:18 (state 5)	[.(goto)]

  7:	proc  1 (elTick:1) tiktok.pml:13 (state -)	[values: 2?tick]
  7:	proc  1 (elTick:1) tiktok.pml:13 (state 2)	[env?tick]
		queue 2 (env): 

  8:	proc  0 (servidor:1) tiktok.pml:10 (state 6)	[.(goto)]

  9:	proc  1 (elTick:1) tiktok.pml:13 (state -)	[values: 1!ok,0]
  9:	proc  1 (elTick:1) tiktok.pml:13 (state 3)	[rec!ok,0]
		queue 1 (rec): [ok,1][ok,0]

 10:	proc  1 (elTick:1) tiktok.pml:14 (state 5)	[.(goto)]
		queue 2 (env): 

 11:	proc  0 (servidor:1) tiktok.pml:8 (state -)	[values: 1?ok,1]
 11:	proc  0 (servidor:1) tiktok.pml:8 (state 3)	[rec?ok,1]
		queue 1 (rec): [ok,0]

 12:	proc  0 (servidor:1) tiktok.pml:8 (state -)	[values: 2!tock]
 12:	proc  0 (servidor:1) tiktok.pml:8 (state 4)	[env!tock]
		queue 2 (env): [tock]

 13:	proc  0 (servidor:1) tiktok.pml:10 (state 6)	[.(goto)]

 14:	proc  2 (elTock:1) tiktok.pml:17 (state -)	[values: 2?tock]
 14:	proc  2 (elTock:1) tiktok.pml:17 (state 2)	[env?tock]
		queue 2 (env): 

 15:	proc  0 (servidor:1) tiktok.pml:7 (state -)	[values: 1?ok,0]
 15:	proc  0 (servidor:1) tiktok.pml:7 (state 1)	[rec?ok,0]
		queue 2 (env): 
		queue 1 (rec): 

 16:	proc  2 (elTock:1) tiktok.pml:17 (state -)	[values: 1!ok,1]
 16:	proc  2 (elTock:1) tiktok.pml:17 (state 3)	[rec!ok,1]
		queue 1 (rec): [ok,1]

 17:	proc  0 (servidor:1) tiktok.pml:7 (state -)	[values: 2!tick]
 17:	proc  0 (servidor:1) tiktok.pml:7 (state 2)	[env!tick]
		queue 2 (env): [tick]

 18:	proc  1 (elTick:1) tiktok.pml:13 (state -)	[values: 2?tick]
 18:	proc  1 (elTick:1) tiktok.pml:13 (state 2)	[env?tick]
		queue 2 (env): 

 19:	proc  1 (elTick:1) tiktok.pml:13 (state -)	[values: 1!ok,0]
 19:	proc  1 (elTick:1) tiktok.pml:13 (state 3)	[rec!ok,0]
		queue 1 (rec): [ok,1][ok,0]

 20:	proc  0 (servidor:1) tiktok.pml:10 (state 6)	[.(goto)]

 21:	proc  2 (elTock:1) tiktok.pml:18 (state 5)	[.(goto)]

 22:	proc  1 (elTick:1) tiktok.pml:14 (state 5)	[.(goto)]
		queue 2 (env): 

 23:	proc  0 (servidor:1) tiktok.pml:8 (state -)	[values: 1?ok,1]
 23:	proc  0 (servidor:1) tiktok.pml:8 (state 3)	[rec?ok,1]
		queue 2 (env): 
		queue 1 (rec): [ok,0]

 24:	proc  0 (servidor:1) tiktok.pml:8 (state -)	[values: 2!tock]
 24:	proc  0 (servidor:1) tiktok.pml:8 (state 4)	[env!tock]
		queue 2 (env): [tock]

 25:	proc  0 (servidor:1) tiktok.pml:10 (state 6)	[.(goto)]

 26:	proc  2 (elTock:1) tiktok.pml:17 (state -)	[values: 2?tock]
 26:	proc  2 (elTock:1) tiktok.pml:17 (state 2)	[env?tock]
		queue 2 (env): 

 27:	proc  2 (elTock:1) tiktok.pml:17 (state -)	[values: 1!ok,1]
 27:	proc  2 (elTock:1) tiktok.pml:17 (state 3)	[rec!ok,1]
		queue 2 (env): 
		queue 1 (rec): [ok,0][ok,1]

 28:	proc  2 (elTock:1) tiktok.pml:18 (state 5)	[.(goto)]

 29:	proc  0 (servidor:1) tiktok.pml:7 (state -)	[values: 1?ok,0]
 29:	proc  0 (servidor:1) tiktok.pml:7 (state 1)	[rec?ok,0]
		queue 2 (env): 
		queue 1 (rec): [ok,1]

 30:	proc  0 (servidor:1) tiktok.pml:7 (state -)	[values: 2!tick]
 30:	proc  0 (servidor:1) tiktok.pml:7 (state 2)	[env!tick]
		queue 2 (env): [tick]

 31:	proc  0 (servidor:1) tiktok.pml:10 (state 6)	[.(goto)]
		queue 2 (env): [tick]

 32:	proc  1 (elTick:1) tiktok.pml:13 (state -)	[values: 2?tick]
 32:	proc  1 (elTick:1) tiktok.pml:13 (state 2)	[env?tick]
		queue 2 (env): 

 33:	proc  1 (elTick:1) tiktok.pml:13 (state -)	[values: 1!ok,0]
 33:	proc  1 (elTick:1) tiktok.pml:13 (state 3)	[rec!ok,0]
		queue 1 (rec): [ok,1][ok,0]

 34:	proc  0 (servidor:1) tiktok.pml:8 (state -)	[values: 1?ok,1]
 34:	proc  0 (servidor:1) tiktok.pml:8 (state 3)	[rec?ok,1]
		queue 2 (env): 
		queue 1 (rec): [ok,0]

 35:	proc  0 (servidor:1) tiktok.pml:8 (state -)	[values: 2!tock]
 35:	proc  0 (servidor:1) tiktok.pml:8 (state 4)	[env!tock]
		queue 2 (env): [tock]

 36:	proc  0 (servidor:1) tiktok.pml:10 (state 6)	[.(goto)]

 37:	proc  1 (elTick:1) tiktok.pml:14 (state 5)	[.(goto)]

 38:	proc  2 (elTock:1) tiktok.pml:17 (state -)	[values: 2?tock]
 38:	proc  2 (elTock:1) tiktok.pml:17 (state 2)	[env?tock]
		queue 2 (env): 

 39:	proc  0 (servidor:1) tiktok.pml:7 (state -)	[values: 1?ok,0]
 39:	proc  0 (servidor:1) tiktok.pml:7 (state 1)	[rec?ok,0]
		queue 1 (rec): 

 40:	proc  2 (elTock:1) tiktok.pml:17 (state -)	[values: 1!ok,1]
 40:	proc  2 (elTock:1) tiktok.pml:17 (state 3)	[rec!ok,1]
		queue 1 (rec): [ok,1]

 41:	proc  0 (servidor:1) tiktok.pml:7 (state -)	[values: 2!tick]
 41:	proc  0 (servidor:1) tiktok.pml:7 (state 2)	[env!tick]
		queue 2 (env): [tick]

 42:	proc  0 (servidor:1) tiktok.pml:10 (state 6)	[.(goto)]

 43:	proc  0 (servidor:1) tiktok.pml:8 (state -)	[values: 1?ok,1]
 43:	proc  0 (servidor:1) tiktok.pml:8 (state 3)	[rec?ok,1]
		queue 1 (rec): 

 44:	proc  2 (elTock:1) tiktok.pml:18 (state 5)	[.(goto)]

 45:	proc  0 (servidor:1) tiktok.pml:8 (state -)	[values: 2!tock]
 45:	proc  0 (servidor:1) tiktok.pml:8 (state 4)	[env!tock]
		queue 2 (env): [tick][tock]

 46:	proc  0 (servidor:1) tiktok.pml:10 (state 6)	[.(goto)]

 47:	proc  1 (elTick:1) tiktok.pml:13 (state -)	[values: 2?tick]
 47:	proc  1 (elTick:1) tiktok.pml:13 (state 2)	[env?tick]
		queue 2 (env): [tock]

 48:	proc  1 (elTick:1) tiktok.pml:13 (state -)	[values: 1!ok,0]
 48:	proc  1 (elTick:1) tiktok.pml:13 (state 3)	[rec!ok,0]
		queue 1 (rec): [ok,0]

 49:	proc  0 (servidor:1) tiktok.pml:7 (state -)	[values: 1?ok,0]
 49:	proc  0 (servidor:1) tiktok.pml:7 (state 1)	[rec?ok,0]
		queue 1 (rec): 

 50:	proc  0 (servidor:1) tiktok.pml:7 (state -)	[values: 2!tick]
 50:	proc  0 (servidor:1) tiktok.pml:7 (state 2)	[env!tick]
		queue 2 (env): [tock][tick]

 51:	proc  0 (servidor:1) tiktok.pml:10 (state 6)	[.(goto)]

 52:	proc  1 (elTick:1) tiktok.pml:14 (state 5)	[.(goto)]
		queue 1 (rec): 

 53:	proc  2 (elTock:1) tiktok.pml:17 (state -)	[values: 2?tock]
 53:	proc  2 (elTock:1) tiktok.pml:17 (state 2)	[env?tock]
		queue 2 (env): [tick]

 54:	proc  2 (elTock:1) tiktok.pml:17 (state -)	[values: 1!ok,1]
 54:	proc  2 (elTock:1) tiktok.pml:17 (state 3)	[rec!ok,1]
		queue 1 (rec): [ok,1]

 55:	proc  2 (elTock:1) tiktok.pml:18 (state 5)	[.(goto)]

 56:	proc  0 (servidor:1) tiktok.pml:8 (state -)	[values: 1?ok,1]
 56:	proc  0 (servidor:1) tiktok.pml:8 (state 3)	[rec?ok,1]
		queue 1 (rec): 

 57:	proc  1 (elTick:1) tiktok.pml:13 (state -)	[values: 2?tick]
 57:	proc  1 (elTick:1) tiktok.pml:13 (state 2)	[env?tick]
		queue 2 (env): 

 58:	proc  0 (servidor:1) tiktok.pml:8 (state -)	[values: 2!tock]
 58:	proc  0 (servidor:1) tiktok.pml:8 (state 4)	[env!tock]
		queue 2 (env): [tock]

 59:	proc  0 (servidor:1) tiktok.pml:10 (state 6)	[.(goto)]

 60:	proc  1 (elTick:1) tiktok.pml:13 (state -)	[values: 1!ok,0]
 60:	proc  1 (elTick:1) tiktok.pml:13 (state 3)	[rec!ok,0]
		queue 1 (rec): [ok,0]

 61:	proc  1 (elTick:1) tiktok.pml:14 (state 5)	[.(goto)]

 62:	proc  2 (elTock:1) tiktok.pml:17 (state -)	[values: 2?tock]
 62:	proc  2 (elTock:1) tiktok.pml:17 (state 2)	[env?tock]
		queue 2 (env): 

 63:	proc  2 (elTock:1) tiktok.pml:17 (state -)	[values: 1!ok,1]
 63:	proc  2 (elTock:1) tiktok.pml:17 (state 3)	[rec!ok,1]
		queue 2 (env): 
		queue 1 (rec): [ok,0][ok,1]

 64:	proc  2 (elTock:1) tiktok.pml:18 (state 5)	[.(goto)]

 65:	proc  0 (servidor:1) tiktok.pml:7 (state -)	[values: 1?ok,0]
 65:	proc  0 (servidor:1) tiktok.pml:7 (state 1)	[rec?ok,0]
		queue 1 (rec): [ok,1]

 66:	proc  0 (servidor:1) tiktok.pml:7 (state -)	[values: 2!tick]
 66:	proc  0 (servidor:1) tiktok.pml:7 (state 2)	[env!tick]
		queue 2 (env): [tick]

 67:	proc  1 (elTick:1) tiktok.pml:13 (state -)	[values: 2?tick]
 67:	proc  1 (elTick:1) tiktok.pml:13 (state 2)	[env?tick]
		queue 2 (env): 

 68:	proc  1 (elTick:1) tiktok.pml:13 (state -)	[values: 1!ok,0]
 68:	proc  1 (elTick:1) tiktok.pml:13 (state 3)	[rec!ok,0]
		queue 2 (env): 
		queue 1 (rec): [ok,1][ok,0]

 69:	proc  1 (elTick:1) tiktok.pml:14 (state 5)	[.(goto)]

 70:	proc  0 (servidor:1) tiktok.pml:10 (state 6)	[.(goto)]
		queue 2 (env): 

 71:	proc  0 (servidor:1) tiktok.pml:8 (state -)	[values: 1?ok,1]
 71:	proc  0 (servidor:1) tiktok.pml:8 (state 3)	[rec?ok,1]
		queue 2 (env): 
		queue 1 (rec): [ok,0]

 72:	proc  0 (servidor:1) tiktok.pml:8 (state -)	[values: 2!tock]
 72:	proc  0 (servidor:1) tiktok.pml:8 (state 4)	[env!tock]
		queue 2 (env): [tock]

 73:	proc  2 (elTock:1) tiktok.pml:17 (state -)	[values: 2?tock]
 73:	proc  2 (elTock:1) tiktok.pml:17 (state 2)	[env?tock]
		queue 2 (env): 

 74:	proc  0 (servidor:1) tiktok.pml:10 (state 6)	[.(goto)]
		queue 2 (env): 

 75:	proc  0 (servidor:1) tiktok.pml:7 (state -)	[values: 1?ok,0]
 75:	proc  0 (servidor:1) tiktok.pml:7 (state 1)	[rec?ok,0]
		queue 1 (rec): 

 76:	proc  2 (elTock:1) tiktok.pml:17 (state -)	[values: 1!ok,1]
 76:	proc  2 (elTock:1) tiktok.pml:17 (state 3)	[rec!ok,1]
		queue 1 (rec): [ok,1]

 77:	proc  2 (elTock:1) tiktok.pml:18 (state 5)	[.(goto)]

 78:	proc  0 (servidor:1) tiktok.pml:7 (state -)	[values: 2!tick]
 78:	proc  0 (servidor:1) tiktok.pml:7 (state 2)	[env!tick]
		queue 2 (env): [tick]

 79:	proc  1 (elTick:1) tiktok.pml:13 (state -)	[values: 2?tick]
 79:	proc  1 (elTick:1) tiktok.pml:13 (state 2)	[env?tick]
		queue 2 (env): 

 80:	proc  1 (elTick:1) tiktok.pml:13 (state -)	[values: 1!ok,0]
 80:	proc  1 (elTick:1) tiktok.pml:13 (state 3)	[rec!ok,0]
		queue 2 (env): 
		queue 1 (rec): [ok,1][ok,0]

-------------
depth-limit (-u80 steps) reached
#processes: 3
		queue 2 (env): 
		queue 1 (rec): [ok,1][ok,0]
 80:	proc  2 (elTock:1) tiktok.pml:17 (state 4)
 80:	proc  1 (elTick:1) tiktok.pml:14 (state 5)
 80:	proc  0 (servidor:1) tiktok.pml:10 (state 6)
3 processes created
